d:\visualstudio\repos\pokemondb\pokemondb\debug\vc141.pdb
d:\visualstudio\repos\pokemondb\pokemondb\debug\vc141.idb
d:\visualstudio\repos\pokemondb\pokemondb\debug\source.obj
d:\visualstudio\repos\pokemondb\pokemondb\debug\pokemondb.obj
d:\my projects\c++ projects\pokemondb\pokemondb\debug\vc142.pdb
d:\my projects\c++ projects\pokemondb\pokemondb\debug\vc142.idb
d:\my projects\c++ projects\pokemondb\pokemondb\debug\source.obj
d:\my projects\c++ projects\pokemondb\pokemondb\debug\pokemondb.obj
d:\visualstudio\repos\pokemondb\debug\pokemondb.ilk
d:\visualstudio\repos\pokemondb\debug\pokemondb.exe
d:\visualstudio\repos\pokemondb\debug\pokemondb.pdb
d:\my projects\c++ projects\pokemondb\debug\pokemondb.ilk
d:\my projects\c++ projects\pokemondb\debug\pokemondb.exe
d:\my projects\c++ projects\pokemondb\debug\pokemondb.pdb
d:\visualstudio\repos\pokemondb\pokemondb\debug\pokemondb.res
d:\my projects\c++ projects\pokemondb\pokemondb\debug\pokemondb.res
d:\my projects\github portfolio\pokemondb\pokemondb\debug\pokemondb.obj
d:\my projects\github portfolio\pokemondb\pokemondb\debug\source.obj
d:\my projects\github portfolio\pokemondb\pokemondb\debug\pokemondb.res
d:\my projects\github portfolio\pokemondb\pokemondb\debug\vc141.idb
d:\my projects\github portfolio\pokemondb\pokemondb\debug\vc142.idb
d:\my projects\github portfolio\pokemondb\pokemondb\debug\vc141.pdb
d:\my projects\github portfolio\pokemondb\pokemondb\debug\vc142.pdb
d:\my projects\github portfolio\pokemondb\debug\pokemondb.pdb
d:\my projects\github portfolio\pokemondb\debug\pokemondb.exe
d:\my projects\github portfolio\pokemondb\debug\pokemondb.ilk
d:\my projects\github portfolio\pokemondb\pokemondb\debug\pokemondb.tlog\cl.command.1.tlog
d:\my projects\github portfolio\pokemondb\pokemondb\debug\pokemondb.tlog\cl.read.1.tlog
d:\my projects\github portfolio\pokemondb\pokemondb\debug\pokemondb.tlog\cl.write.1.tlog
d:\my projects\github portfolio\pokemondb\pokemondb\debug\pokemondb.tlog\link.command.1.tlog
d:\my projects\github portfolio\pokemondb\pokemondb\debug\pokemondb.tlog\link.read.1.tlog
d:\my projects\github portfolio\pokemondb\pokemondb\debug\pokemondb.tlog\link.write.1.tlog
d:\my projects\github portfolio\pokemondb\pokemondb\debug\pokemondb.tlog\rc.command.1.tlog
d:\my projects\github portfolio\pokemondb\pokemondb\debug\pokemondb.tlog\rc.read.1.tlog
d:\my projects\github portfolio\pokemondb\pokemondb\debug\pokemondb.tlog\rc.write.1.tlog
